Starting Single Run, Sweeps and Corners...

Current time: Thu Jun 18 11:39:04 2026
Best design point: 1
Design specs:
	TRAN	corner	Nominal -
	clk_clkop_delay_ps		91.06
	clk_clkon_delay_ps		2.092K
	clk_gap_op_after_on_ps		35.29
	clk_gap_on_after_op_ps		35.47
	clk_clkop_duty_pct		39.31
	clk_clkon_duty_pct		59.27
	clk_overlap_product_peak_v2		8.221u
Design parameters:
	vdd		900m
	cload		1f

Interactive.2
Number of points completed: 1
Number of simulation errors: 0
Interactive.2 completed.
Current time: Thu Jun 18 11:39:11 2026
