Starting Single Run, Sweeps and Corners...

Current time: Thu Jun 18 11:25:29 2026
Best design point: 1
Design specs:
	TRAN	corner	Nominal -
	cmp_clk_rise_s		1.003n
	cmp_decision_cross_s		1.007n
	cmp_decision_delay_ps		4.484
	cmp_vop_max_v		939.9m
	cmp_von_min_v		-5.707m
	cmp_final_diff_v		-843.9n
Design parameters:
	vdd		900m
	vcm		450m
	vdiff		20m
	cload		2f

Interactive.4
Number of points completed: 1
Number of simulation errors: 0
Interactive.4 completed.
Current time: Thu Jun 18 11:25:35 2026
