Starting Single Run, Sweeps and Corners...

Current time: Thu Jun 18 11:49:51 2026
Best design point: 1
Design specs:
	TRAN	corner	Nominal -
	asy_valid_to_clko8_ps		39.84
	asy_sequence_span_ps		20K
	asy_clkc_max_v		911.9m
	asy_clko8_rise_ps		542.3
	asy_clko7_rise_ps		3.042K
	asy_clko6_rise_ps		5.542K
	asy_clko5_rise_ps		8.042K
	asy_clko4_rise_ps		10.54K
	asy_clko3_rise_ps		13.04K
	asy_clko2_rise_ps		15.54K
	asy_clko1_rise_ps		18.04K
	asy_clko0_rise_ps		20.54K
	asy_clko8_max_v		906.9m
	asy_clko7_max_v		906.9m
	asy_clko6_max_v		906.9m
	asy_clko5_max_v		906.9m
	asy_clko4_max_v		906.9m
	asy_clko3_max_v		906.9m
	asy_clko2_max_v		906.9m
	asy_clko1_max_v		906.9m
	asy_clko0_max_v		905m
Design parameters:
	vdd		900m
	cload		3f
	valid_td		500p
	valid_pw		1n
	valid_per		2.5n

Interactive.4
Number of points completed: 1
Number of simulation errors: 0
Interactive.4 completed.
Current time: Thu Jun 18 11:50:05 2026
