Starting Single Run, Sweeps and Corners...

Current time: Thu Jun 18 11:39:26 2026
Best design point: 1
Design specs:
	TRAN	corner	Nominal -
	clk_clkop_delay_ps		93.63
	clk_clkon_delay_ps		2.095K
	clk_gap_op_after_on_ps		34.4
	clk_gap_on_after_op_ps		34.57
	clk_clkop_duty_pct		39.33
	clk_clkon_duty_pct		59.29
	clk_overlap_product_peak_v2		5.883u
Design parameters:
	vdd		900m
	cload		5f

Interactive.3
Number of points completed: 1
Number of simulation errors: 0
Interactive.3 completed.
Current time: Thu Jun 18 11:39:33 2026
